0 info it worked if it ends with ok
1 verbose cli [ '/usr/bin/nodejs', '/usr/bin/npm', 'install', '-g', 'yo' ]
2 info using npm@1.4.21
3 info using node@v0.10.25
4 verbose cache add [ 'yo', null ]
5 verbose cache add name=undefined spec="yo" args=["yo",null]
6 verbose parsed url { protocol: null,
6 verbose parsed url   slashes: null,
6 verbose parsed url   auth: null,
6 verbose parsed url   host: null,
6 verbose parsed url   port: null,
6 verbose parsed url   hostname: null,
6 verbose parsed url   hash: null,
6 verbose parsed url   search: null,
6 verbose parsed url   query: null,
6 verbose parsed url   pathname: 'yo',
6 verbose parsed url   path: 'yo',
6 verbose parsed url   href: 'yo' }
7 silly lockFile c41975d1-yo yo
8 verbose lock yo /home/nick/.npm/c41975d1-yo.lock
9 silly lockFile c41975d1-yo yo
10 silly lockFile c41975d1-yo yo
11 verbose addNamed [ 'yo', '' ]
12 verbose addNamed [ null, '*' ]
13 silly lockFile d937c28e-yo yo@
14 verbose lock yo@ /home/nick/.npm/d937c28e-yo.lock
15 silly addNameRange { name: 'yo', range: '*', hasData: false }
16 verbose request where is /yo
17 verbose request registry https://registry.npmjs.org/
18 verbose request id 1066e6b2d9c41ea0
19 verbose url raw /yo
20 verbose url resolving [ 'https://registry.npmjs.org/', './yo' ]
21 verbose url resolved https://registry.npmjs.org/yo
22 verbose request where is https://registry.npmjs.org/yo
23 info trying registry request attempt 1 at 16:52:53
24 verbose etag "2MNLSIQ23H4EEIML4W2N23HN1"
25 http GET https://registry.npmjs.org/yo
26 http 304 https://registry.npmjs.org/yo
27 silly registry.get cb [ 304,
27 silly registry.get   { date: 'Sat, 29 Aug 2015 21:52:54 GMT',
27 silly registry.get     via: '1.1 varnish',
27 silly registry.get     'cache-control': 'max-age=60',
27 silly registry.get     etag: '"2MNLSIQ23H4EEIML4W2N23HN1"',
27 silly registry.get     age: '0',
27 silly registry.get     connection: 'keep-alive',
27 silly registry.get     'x-served-by': 'cache-ord1720-ORD',
27 silly registry.get     'x-cache': 'HIT',
27 silly registry.get     'x-cache-hits': '1',
27 silly registry.get     'x-timer': 'S1440885174.506676,VS0,VE37',
27 silly registry.get     vary: 'Accept' } ]
28 verbose etag https://registry.npmjs.org/yo from cache
29 silly addNameRange number 2 { name: 'yo', range: '*', hasData: true }
30 silly addNameRange versions [ 'yo',
30 silly addNameRange   [ '1.1.0',
30 silly addNameRange     '1.1.1',
30 silly addNameRange     '1.1.2',
30 silly addNameRange     '1.2.0',
30 silly addNameRange     '1.2.1',
30 silly addNameRange     '1.3.0',
30 silly addNameRange     '1.3.2',
30 silly addNameRange     '1.3.3',
30 silly addNameRange     '1.4.6',
30 silly addNameRange     '1.4.7' ] ]
31 verbose addNamed [ 'yo', '1.4.7' ]
32 verbose addNamed [ '1.4.7', '1.4.7' ]
33 silly lockFile 22bae6b4-yo-1-4-7 yo@1.4.7
34 verbose lock yo@1.4.7 /home/nick/.npm/22bae6b4-yo-1-4-7.lock
35 silly lockFile 22bae6b4-yo-1-4-7 yo@1.4.7
36 silly lockFile 22bae6b4-yo-1-4-7 yo@1.4.7
37 silly lockFile d937c28e-yo yo@
38 silly lockFile d937c28e-yo yo@
39 silly resolved [ { name: 'yo',
39 silly resolved     version: '1.4.7',
39 silly resolved     description: 'CLI tool for running Yeoman generators',
39 silly resolved     license: 'BSD-2-Clause',
39 silly resolved     bin: { yo: 'lib/cli.js' },
39 silly resolved     author: { name: 'Yeoman' },
39 silly resolved     repository: { type: 'git', url: 'https://github.com/yeoman/yo' },
39 silly resolved     engines: { node: '>=0.10.0', npm: '>=2.8.0' },
39 silly resolved     scripts:
39 silly resolved      { test: 'jshint . && mocha test/**/*.js',
39 silly resolved        postinstall: 'yodoctor',
39 silly resolved        postupdate: 'yodoctor',
39 silly resolved        prepublish: 'nsp audit-package' },
39 silly resolved     files: [ 'lib' ],
39 silly resolved     keywords:
39 silly resolved      [ 'cli-app',
39 silly resolved        'cli',
39 silly resolved        'bin',
39 silly resolved        'front-end',
39 silly resolved        'development',
39 silly resolved        'dev',
39 silly resolved        'build',
39 silly resolved        'web',
39 silly resolved        'tool',
39 silly resolved        'scaffold',
39 silly resolved        'stack',
39 silly resolved        'yeoman',
39 silly resolved        'generator',
39 silly resolved        'generate',
39 silly resolved        'app',
39 silly resolved        'boilerplate' ],
39 silly resolved     dependencies:
39 silly resolved      { 'array-uniq': '^1.0.2',
39 silly resolved        async: '^1.0.0',
39 silly resolved        chalk: '^1.0.0',
39 silly resolved        configstore: '^1.0.0',
39 silly resolved        'cross-spawn': '^0.4.0',
39 silly resolved        figures: '^1.3.5',
39 silly resolved        findup: '^0.1.5',
39 silly resolved        fullname: '^1.0.0',
39 silly resolved        got: '^3.2.0',
39 silly resolved        'humanize-string': '^1.0.0',
39 silly resolved        inquirer: '^0.8.0',
39 silly resolved        insight: '^0.6.0',
39 silly resolved        lodash: '^3.2.0',
39 silly resolved        meow: '^3.0.0',
39 silly resolved        'npm-keyword': '^1.1.1',
39 silly resolved        opn: '^1.0.0',
39 silly resolved        'package-json': '^1.1.0',
39 silly resolved        repeating: '^1.1.2',
39 silly resolved        'root-check': '^1.0.0',
39 silly resolved        'sort-on': '^1.0.0',
39 silly resolved        'string-length': '^1.0.0',
39 silly resolved        titleize: '^1.0.0',
39 silly resolved        'update-notifier': '^0.5.0',
39 silly resolved        'user-home': '^1.1.0',
39 silly resolved        'yeoman-character': '^1.0.0',
39 silly resolved        'yeoman-doctor': '^1.0.0',
39 silly resolved        'yeoman-environment': '^1.0.1',
39 silly resolved        yosay: '^1.0.0' },
39 silly resolved     devDependencies:
39 silly resolved      { jshint: '^2.5.11',
39 silly resolved        mocha: '^2.1.0',
39 silly resolved        mockery: '^1.4.0',
39 silly resolved        nock: '^2.0.1',
39 silly resolved        nsp: '*',
39 silly resolved        proxyquire: '^1.0.1',
39 silly resolved        'registry-url': '^3.0.0',
39 silly resolved        sinon: '^1.12.1' },
39 silly resolved     preferGlobal: true,
39 silly resolved     gitHead: '675d647162f1ecd7f290995078cf8ab42756bf9d',
39 silly resolved     bugs: { url: 'https://github.com/yeoman/yo/issues' },
39 silly resolved     homepage: 'https://github.com/yeoman/yo',
39 silly resolved     _id: 'yo@1.4.7',
39 silly resolved     _shasum: '7eecb354f6f4df2dafbc2da53d30f7f7fafcb450',
39 silly resolved     _from: 'yo@',
39 silly resolved     _npmVersion: '2.10.1',
39 silly resolved     _nodeVersion: '0.12.4',
39 silly resolved     _npmUser: { name: 'sindresorhus', email: 'sindresorhus@gmail.com' },
39 silly resolved     dist:
39 silly resolved      { shasum: '7eecb354f6f4df2dafbc2da53d30f7f7fafcb450',
39 silly resolved        tarball: 'http://registry.npmjs.org/yo/-/yo-1.4.7.tgz' },
39 silly resolved     maintainers: [ [Object], [Object], [Object], [Object], [Object], [Object] ],
39 silly resolved     directories: {},
39 silly resolved     _resolved: 'https://registry.npmjs.org/yo/-/yo-1.4.7.tgz',
39 silly resolved     readme: 'ERROR: No README data found!' } ]
40 info install yo@1.4.7 into /usr/local/lib
41 info installOne yo@1.4.7
42 warn engine yo@1.4.7: wanted: {"node":">=0.10.0","npm":">=2.8.0"} (current: {"node":"0.10.25","npm":"1.4.21"})
43 verbose lib/node_modules/yo unbuild
44 verbose tar unpack /home/nick/.npm/yo/1.4.7/package.tgz
45 silly lockFile 7d7c7bef-ar-usr-local-lib-node-modules-yo tar:///usr/local/lib/node_modules/yo
46 verbose lock tar:///usr/local/lib/node_modules/yo /home/nick/.npm/7d7c7bef-ar-usr-local-lib-node-modules-yo.lock
47 silly lockFile f3b80c56-me-nick-npm-yo-1-4-7-package-tgz tar:///home/nick/.npm/yo/1.4.7/package.tgz
48 verbose lock tar:///home/nick/.npm/yo/1.4.7/package.tgz /home/nick/.npm/f3b80c56-me-nick-npm-yo-1-4-7-package-tgz.lock
49 silly gunzTarPerm modes [ '775', '664' ]
50 error Error: EACCES, mkdir '/usr/local/lib/node_modules/yo'
50 error  { [Error: EACCES, mkdir '/usr/local/lib/node_modules/yo']
50 error   errno: 3,
50 error   code: 'EACCES',
50 error   path: '/usr/local/lib/node_modules/yo',
50 error   fstream_type: 'Directory',
50 error   fstream_path: '/usr/local/lib/node_modules/yo',
50 error   fstream_class: 'DirWriter',
50 error   fstream_stack:
50 error    [ '/usr/lib/nodejs/fstream/lib/dir-writer.js:36:23',
50 error      '/usr/lib/nodejs/mkdirp/index.js:46:53',
50 error      'Object.oncomplete (fs.js:107:15)' ] }
51 error Please try running this command again as root/Administrator.
52 error System Linux 3.19.0-26-generic
53 error command "/usr/bin/nodejs" "/usr/bin/npm" "install" "-g" "yo"
54 error cwd /home/nick/dev/fresh-setup
55 error node -v v0.10.25
56 error npm -v 1.4.21
57 error path /usr/local/lib/node_modules/yo
58 error fstream_path /usr/local/lib/node_modules/yo
59 error fstream_type Directory
60 error fstream_class DirWriter
61 error code EACCES
62 error errno 3
63 error stack Error: EACCES, mkdir '/usr/local/lib/node_modules/yo'
64 error fstream_stack /usr/lib/nodejs/fstream/lib/dir-writer.js:36:23
64 error fstream_stack /usr/lib/nodejs/mkdirp/index.js:46:53
64 error fstream_stack Object.oncomplete (fs.js:107:15)
65 verbose exit [ 3, true ]
